2023-08-06 03:43:09.824221 - Initialized conversion of CBT373
2023-08-06 03:43:09.988181 - Received CBT.V505.FILE373.PDS from FILE373.XMI 
2023-08-06 03:43:09.990336 - Found $$$#DATE.txt (text/plain) in CBT.V505.FILE373.PDS, moved to PDS/$$$#DATE
2023-08-06 03:43:09.991544 - Found $DOCNEWS.txt (text/plain) in CBT.V505.FILE373.PDS, moved to PDS/$DOCNEWS
2023-08-06 03:43:09.992561 - Found $DOCSAL.txt (text/plain) in CBT.V505.FILE373.PDS, moved to PDS/$DOCSAL
2023-08-06 03:43:09.993513 - Found @FILE373.txt (text/plain) in CBT.V505.FILE373.PDS, moved to PDS/@FILE373
2023-08-06 03:43:09.994433 - Found CBTSAL.txt (text/plain) in CBT.V505.FILE373.PDS, moved to PDS/CBTSAL
2023-08-06 03:43:09.995330 - Found DYNABLD.txt (text/plain) in CBT.V505.FILE373.PDS, moved to PDS/DYNABLD
2023-08-06 03:43:09.996207 - Found DYNATXTU.txt (text/plain) in CBT.V505.FILE373.PDS, moved to PDS/DYNATXTU
2023-08-06 03:43:09.997086 - Found EQ$R.txt (text/plain) in CBT.V505.FILE373.PDS, moved to PDS/EQ$R
2023-08-06 03:43:09.997959 - Found GTEDAALC.txt (text/plain) in CBT.V505.FILE373.PDS, moved to PDS/GTEDAALC
2023-08-06 03:43:09.998861 - Found GTEDADAT.txt (text/plain) in CBT.V505.FILE373.PDS, moved to PDS/GTEDADAT
2023-08-06 03:43:09.999856 - Found GTEDADOC.txt (text/plain) in CBT.V505.FILE373.PDS, moved to PDS/GTEDADOC
2023-08-06 03:43:10.000772 - Found GTEDASET.txt (text/plain) in CBT.V505.FILE373.PDS, moved to PDS/GTEDASET
2023-08-06 03:43:10.001738 - Found HELP.txt (text/plain) in CBT.V505.FILE373.PDS, moved to PDS/HELP
2023-08-06 03:43:10.002680 - Found LINKBACK.txt (text/plain) in CBT.V505.FILE373.PDS, moved to PDS/LINKBACK
2023-08-06 03:43:10.003573 - Found LINKSAVE.txt (text/plain) in CBT.V505.FILE373.PDS, moved to PDS/LINKSAVE
2023-08-06 03:43:10.004462 - Found NEW.txt (text/plain) in CBT.V505.FILE373.PDS, moved to PDS/NEW
2023-08-06 03:43:10.005404 - Found REGISTER.txt (text/plain) in CBT.V505.FILE373.PDS, moved to PDS/REGISTER
2023-08-06 03:43:10.006352 - Found SAL.txt (text/plain) in CBT.V505.FILE373.PDS, moved to PDS/SAL
2023-08-06 03:43:10.007495 - Found SALHELP.txt (text/plain) in CBT.V505.FILE373.PDS, moved to PDS/SALHELP
2023-08-06 03:43:10.008450 - Found XRETURN.txt (text/plain) in CBT.V505.FILE373.PDS, moved to PDS/XRETURN
2023-08-06 03:43:10.009370 - Found XSAVE1.txt (text/plain) in CBT.V505.FILE373.PDS, moved to PDS/XSAVE1
